Page 1           Source Listing                  VFMAIN
2013-12-24 18:27                                 VFMAIN_0004.f

      1 c
      2 c This is main program of MRF model forecast verification on IBM-SP
      3 c
      4 c  main program    VFMAIN
      5 c
      6 c   subroutine                                                    
      7 c              RMSAWT ---> to get mean error and RMS error
      8 c              LATWMN ---> to get latitude mean values
      9 c              SUMWAV ---> to sum the wave groups
     10 c              ACGRID ---> to calaulate AC using grid values
     11 c              GRD2WV ---> transfor latitude data from grid to wave
     12 c              GET23Y ---> read 23 years Reanalysis data ( GRIB )
     13 c              GETANL ---> read analysis and forecast files ( GRIB )
     14 c              GRANGE ---> to calculate max. and min value of array
     15 c   
     16 c   available climatology:
     17 c      levels--1000,925,850,700,600,500,400,300,250,200,150,100,70,50,30,20,10
     18 c      fields--z,u,v,t and etc.
     19 c
     20 c   special namelist parameter:
     21 c      ic    --icoeff ( 1=grid to wave, 0=grid only )
     22 c
     23 c   parameter  idmax  ---> maximum days to verification
     24 c
     25 c   Fortran 77 on IBMSP ====== coded by Yuejian Zhu 07/01/99
     26 c
     27 C--------+---------+---------+---------+---------+----------+---------+--
     28       program VFMAIN
     29       parameter (idmax=25)
     30       dimension fcst(144,73),fanl(144,73),clim(144,73)
     31       dimension ufst(144,73),uanl(144,73),uclm(144,73)
     32       dimension vfst(144,73),vanl(144,73),vclm(144,73)
     33       dimension fstt(144,73),fant(144,73),clit(144,73)
     34       dimension clim1(144,73),clim2(144,73)
     35       dimension clit1(144,73),clit2(144,73)
     36       dimension af(20,73),ao(20,73),ac(20,73)
     37       dimension bf(21,73),bo(21,73),bc(21,73)
     38       dimension fnum(20,73),dnm1(20,73),dnm2(20,73)
     39       dimension q1(4,73),q2(4,73),q3(4,73)
     40       dimension w1(73),w2(73),w3(73)
     41       dimension qx1(4),qx2(4),qx3(4),qx4(4),weight(73)
     42       dimension ac1(idmax),ac2(idmax),ac3(idmax),ac4(idmax)
     43       dimension rms(idmax),erm(idmax),rmc(idmax),erc(idmax)
     44       dimension iymdh(idmax,5)
     45       character*5 chem(4)
     46       character*7 lhem(4)
     47       character*3 cfld(200)
     48       character*80 cfilea(2,100),cfilef(2,100),ca1,ca2,cf1,cf2 
     49       namelist/files/ cfilea,cfilef
     50       namelist/namin/ ihem,la1,la2,lo1,lo2,l1,l2,nhrs,ifd,ilv,iclim,ic
     51       data chem /'N Hem','S Hem','Trop.','N Amr'/
     52       data lhem /'20N-80N','20S-80S','20N-20S','20N-80N'/
     53       cfld     = ' '
     54       cfld(7)  = ' Z '
     55       cfld(11) = ' T '
     56       cfld(33) = ' U '
     57       cfld(34) = ' V '

Page 2           Source Listing                  VFMAIN
2013-12-24 18:27                                 VFMAIN_0004.f

     58       cfld(101)= 'Spd'
     59       cfld(102)= 'Vtr'
     60       open(unit=51,file='scores.out',err=1020)
     61 c
     62 c --- calculate the weight ( latitude dependence )
     63 c
     64       do lat = 37, 73
     65         j  = lat - 36
     66         xlat = (2.5*j - 2.5 )/57.296
     67         weight(j)   = sin(xlat)
     68         weight(lat) = sin(1.571-xlat)
     69       enddo    
     70 c
     71 c     job will be controled by read card
     72 c
     73       read  (5,files,end=1000)
     74       write (6,files)
     75  1000 continue
     76       read  (5,namin,end=1020)
     77       write (6,namin)
     78 c
     79       len = nhrs/24 + 1
     80 c
     81       ac1 = 9.9999
     82       ac2 = 9.9999
     83       ac3 = 9.9999
     84       ac4 = 9.9999
     85       rms = 99.99
     86       erm = 99.99
     87       rmc = 99.99
     88       erc = 99.99
     89 c
     90       do iday = 1,len
     91        ca1 = cfilea(1,iday)
     92        ca2 = cfilea(2,iday)
     93        cf1 = cfilef(1,iday)
     94        cf2 = cfilef(2,iday)
     95 c      read (ca1,'(9x,i8)') ndatea
     96        read (ca1,'(7x,i10)') ndatea
     97        lpgb=len_trim(cf1)  
     98        if (lpgb.eq.17) then
     99 c       read (cf1,'(9x,i8)') ndatef
    100         read (cf1,'(7x,i10)') ndatef
    101         read (cf2,'(4x,i2)') ifh   
    102        else
    103 c       read (cf1,'(10x,i8)') ndatef
    104         read (cf1,'(8x,i10)') ndatef
    105         read (cf2,'(4x,i3)') ifh   
    106        endif
    107        ihr  = ndatef - ndatef/100*100
    108        ndate=ndatef/100
    109        jyy = ndate/10000
    110        jy2 = jyy - (jyy/100)*100
    111        jmm = (ndate-jyy*10000)/100
    112        jdd = ndate - jyy*10000 - jmm*100
    113        iymdh(iday,5) = jy2
    114        iymdh(iday,3) = jmm

Page 3           Source Listing                  VFMAIN
2013-12-24 18:27                                 VFMAIN_0004.f

    115        iymdh(iday,4) = jdd
    116        iymdh(iday,2) = ihr
    117        iymdh(iday,1) = ifh
    118 c
    119 c --- get the forecast grid data ( 144*73 = 10512 )
    120 c
    121        print *, '=== Read forecast field ==='
    122        if (ifd.gt.100) then
    123         call getanl(ufst,cf1,cf2,33,ilv,ndatef,ifh)
    124         call getanl(vfst,cf1,cf2,34,ilv,ndatef,ifh)
    125         if(ufst(1,1).eq.-9999.99) goto 998
    126         if(vfst(1,1).eq.-9999.99) goto 998
    127         call fitr30(ufst)
    128         call fitr30(vfst)
    129        else
    130         call getanl(fcst,cf1,cf2,ifd,ilv,ndatef,ifh)
    131         if(fcst(1,1).eq.-9999.99) goto 998
    132         if(ifd.eq.33.or.ifd.eq.34) call fitr30(fcst)
    133        endif
    134 c
    135 c --- get the analysis grid data ( 144*73 = 10512 )
    136 c
    137        print *, '=== Read analysis field ==='
    138        if (ifd.gt.100) then
    139         call getanl(uanl,ca1,ca2,33,ilv,ndatea,0)
    140         call getanl(vanl,ca1,ca2,34,ilv,ndatea,0)
    141         if(uanl(1,1).eq.-9999.99) goto 998
    142         if(vanl(1,1).eq.-9999.99) goto 998
    143         call fitr30(uanl)
    144         call fitr30(vanl)
    145        else
    146         call getanl(fanl,ca1,ca2,ifd,ilv,ndatea,0)
    147         if(fanl(1,1).eq.-9999.99) goto 998
    148         if(ifd.eq.33.or.ifd.eq.34) call fitr30(fanl)
    149        endif
    150 c
    151 c --- get the climatology
    152 c
    153       ndate=ndatea/100
    154       jyy = ndate/10000
    155       jmm = (ndate-jyy*10000)/100
    156       jdd = ndate - jyy*10000 - jmm*100
    157       im1 = jmm
    158       if (jdd.le.15) im2=jmm - 1
    159       if (im2.lt.1)  im2=im2 + 12
    160       if (jdd.gt.15) im2=jmm + 1
    161       if (im2.gt.12) im2=im2 - 12
    162       percnt = 1.00-abs(temp)
    163       if (iclim.eq.0.and.ifd.lt.100) then
    164 c...  Using CPC/Climatology ( if iclim=0 )
    165        print *, '=== Read climates field ==='
    166        call getcac(clim1,ifd,ilv,im1)
    167        call getcac(clim2,ifd,ilv,im2)
    168       else
    169 c...  Using CDAS/Reanl 17 years climatology ( grib file )
    170        print *, '=== Read climates field ==='
    171        if (ifd.gt.100) then

Page 4           Source Listing                  VFMAIN
2013-12-24 18:27                                 VFMAIN_0004.f

    172         call get23y(clim1,33,ilv,im1,ihr,ifh) 
    173         call get23y(clim2,33,ilv,im2,ihr,ifh) 
    174         call get23y(clit1,34,ilv,im1,ihr,ifh) 
    175         call get23y(clit2,34,ilv,im2,ihr,ifh) 
    176         call fitr30(clim1)
    177         call fitr30(clim2)
    178         call fitr30(clit1)
    179         call fitr30(clit2)
    180        else
    181         call get23y(clim1,ifd,ilv,im1,ihr,ifh) 
    182         call get23y(clim2,ifd,ilv,im2,ihr,ifh) 
    183         if (ifd.eq.33.or.ifd.eq.34) call fitr30(clim1)
    184         if (ifd.eq.33.or.ifd.eq.34) call fitr30(clim2)
    185        endif
    186       endif
    187       temp=(float(jdd)-15.)/30.
    188       percnt = 1.00-abs(temp)
    189       do i = 1,144
    190        do j = 1,73
    191         clim(i,j)= clim1(i,j)*percnt+(1.0-percnt)*clim2(i,j)
    192         clit(i,j)= clit1(i,j)*percnt+(1.0-percnt)*clit2(i,j)
    193        enddo
    194       enddo
    195 c....
    196       if (ifd.eq.101) then
    197        do i = 1, 144
    198         do j = 1, 73
    199          fcst(i,j)=sqrt(ufst(i,j)*ufst(i,j)+vfst(i,j)*vfst(i,j))
    200          fanl(i,j)=sqrt(uanl(i,j)*uanl(i,j)+vanl(i,j)*vanl(i,j))
    201          clim(i,j)=sqrt(clim(i,j)*clim(i,j)+clit(i,j)*clit(i,j))
    202         enddo
    203        enddo
    204       elseif (ifd.eq.102) then
    205        do i = 1, 144
    206         do j = 1, 73
    207          uerr      = uanl(i,j) - ufst(i,j)
    208          verr      = vanl(i,j) - vfst(i,j)
    209          fcst(i,j) = sqrt(uerr*uerr+verr*verr)
    210          uerr      = uanl(i,j) - clim(i,j)
    211          verr      = vanl(i,j) - clit(i,j)
    212 c        uerr      = clim(i,j) - ufst(i,j)
    213 c        verr      = clit(i,j) - vfst(i,j)
    214          clim(i,j) = sqrt(uerr*uerr+verr*verr)
    215          fanl(i,j) = 0.0
    216         enddo
    217        enddo
    218       endif
    219 c....
    220       if (ic.eq.1) then      
    221       do lat = 1, 73
    222         call grd2wv(fcst(1,lat),af(1,lat),bf(1,lat))
    223         call grd2wv(fanl(1,lat),ao(1,lat),bo(1,lat))
    224         call grd2wv(clim(1,lat),ac(1,lat),bc(1,lat))
    225       enddo    
    226       do i = 1, 20
    227        do l = 1, 73
    228         fnum(i,l)  =(af(i,l)-ac(i,l))*(ao(i,l)-ac(i,l))+

Page 5           Source Listing                  VFMAIN
2013-12-24 18:27                                 VFMAIN_0004.f

    229      .              (bf(i,l)-bc(i,l))*(bo(i,l)-bc(i,l))
    230         dnm1(i,l)  =(af(i,l)-ac(i,l))**2+(bf(i,l)-bc(i,l))**2
    231         dnm2(i,l)  =(ao(i,l)-ac(i,l))**2+(bo(i,l)-bc(i,l))**2
    232        enddo
    233       enddo    
    234       do l = 1, 73
    235         call sumwav(fnum(1,l),q1(1,l))
    236         call sumwav(dnm1(1,l),q2(1,l))
    237         call sumwav(dnm2(1,l),q3(1,l))
    238       enddo    
    239 c.....avg over lat band l1-l2, from north pole to south pole 
    240       do j = 1, 4
    241         do l = 1, 73
    242           w1(l)=q1(j,l)
    243           w2(l)=q2(j,l)
    244           w3(l)=q3(j,l)
    245         enddo    
    246         call latwmn(w1,l1,l2,qx1(j))
    247         call latwmn(w2,l1,l2,qx2(j))
    248         call latwmn(w3,l1,l2,qx3(j))
    249       enddo    
    250 c.....combine terms to get anom corr for this day
    251       do j = 1, 4
    252         qx4(j)=qx1(j)/(sqrt(qx2(j))*sqrt(qx3(j)))
    253       enddo    
    254       else
    255         call acgrid(fanl,fcst,clim,weight,la1,la2,lo1,lo2,qx4)
    256       endif
    257       if (ifd.eq.102) then
    258        ac1 (iday) = 0.0
    259        ac2 (iday) = 0.0
    260        ac3 (iday) = 0.0
    261        ac4 (iday) = 0.0
    262       else
    263        ac1 (iday) = qx4(1)
    264        ac2 (iday) = qx4(2)
    265        ac3 (iday) = qx4(3)
    266        ac4 (iday) = qx4(4)
    267       endif
    268       call rmsawt(rmsf,ermf,fanl,fcst,weight,la1,la2,lo1,lo2)
    269       call rmsawt(rmsc,ermc,clim,fcst,weight,la1,la2,lo1,lo2)
    270       rms (iday) = rmsf
    271       erm (iday) = ermf
    272       rmc (iday) = rmsc
    273       erc (iday) = ermc
    274  998  continue
    275       enddo
    276 c
    277 c --- write out results
    278 c
    279       write (51,901) chem(ihem),cfld(ifd),lhem(ihem)
    280       do i = 1, len
    281       write (51,902) (iymdh(i,j),j=1,5),ilv,                       
    282      &               ac1(i),ac2(i),ac3(i),ac4(i)
    283       enddo
    284       write (51,903) chem(ihem),cfld(ifd),lhem(ihem)
    285       do i = 1, len

Page 6           Source Listing                  VFMAIN
2013-12-24 18:27                                 VFMAIN_0004.f

    286       write (51,904) (iymdh(i,j),j=1,5),ilv,
    287      &               rms(i),erm(i),rmc(i),erc(i)
    288       enddo
    289       goto 1000
    290  901  format (/,a5,' AC by Waves ( ',a3,' ',a7,' )  -       1-3',
    291      &              '     4-9    10-20    1-20 ')
    292  902  format (2x,i3,1x,'hrs after =',i2,'Z ',3i3,i5,'mb',3x,4(f7.4,1x))
    293 C--------+---------+---------+---------+---------+----------+---------+--
    294  903  format (/,a5,' Differences ( ',a3,' ',a7,' )  -   (F-A)',
    295      &              'RMS   Mean (F-C)RMS   Mean    ')
    296  904  format (2x,i3,1x,'hrs after =',i2,'Z ',3i3,i5,'mb',3x,4(f7.2,1x))
    297 c901  format (//,a5,' AC by Waves (  ',a1,'  ',a7,' )  -      1-3',
    298 c    &              '     4-9    10-20    1-20 ',/)
    299 c902  format (2x,i3,1x,'hrs after =',i2,'Z ',3i3,i5,'mb',3x,4(f7.4,1x))
    300 c--------+---------+---------+---------+---------+----------+---------+--
    301 c903  format (//,a5,' Differences (  ',a1,'  ',a7,' )  -      ',
    302 c    &              '(Fcst-Anl)        (Fcst-Clim)    ',/
    303 c    &           5x,'                              -       RMS',
    304 c    &              '     Mean    RMS     Mean '/)
    305 c904  format (2x,i3,1x,'hrs after =',i2,'Z ',3i3,i5,'mb',3x,4(f7.2,1x))
    306 c
    307  1020 continue
    308       stop    
    309       end


ENTRY POINTS

  Name              
                    
 MAIN__             

Page 7           Source Listing                  VFMAIN
2013-12-24 18:27 Symbol Table                    VFMAIN_0004.f



SYMBOL CROSS REFERENCE

 Name                       Object Declared Type            Bytes Dimen Elements Attributes       References                        
                                                                                                                                    
 1000                       Label  75                                                             73,289                            
 1020                       Label  307                                                            60,76                             
 901                        Label  290                                                            279                               
 902                        Label  292                                                            281                               
 903                        Label  294                                                            284                               
 904                        Label  296                                                            286                               
 998                        Label  274                                                            125,126,131,141,142,147           
 ABS                        Func   162                                  scalar                    162,188                           
 AC                         Local  36       R(8)            8     2     1460                      224,228,230,231                   
 AC1                        Local  42       R(8)            8     1     25                        81,258,263,282                    
 AC2                        Local  42       R(8)            8     1     25                        82,259,264,282                    
 AC3                        Local  42       R(8)            8     1     25                        83,260,265,282                    
 AC4                        Local  42       R(8)            8     1     25                        84,261,266,282                    
 ACGRID                     Subr   255                                                            255                               
 AF                         Local  36       R(8)            8     2     1460                      222,228,230                       
 AO                         Local  36       R(8)            8     2     1460                      223,228,231                       
 BC                         Local  37       R(8)            8     2     1533                      224,229,230,231                   
 BF                         Local  37       R(8)            8     2     1533                      222,229,230                       
 BO                         Local  37       R(8)            8     2     1533                      223,229,231                       
 CA1                        Local  48       CHAR            80          scalar                    91,96,139,140,146                 
 CA2                        Local  48       CHAR            80          scalar                    92,139,140,146                    
 CF1                        Local  48       CHAR            80          scalar                    93,97,100,104,123,124,130         
 CF2                        Local  48       CHAR            80          scalar                    94,101,105,123,124,130            
 CFILEA                     Local  48       CHAR            80    2     200                       49,91,92                          
 CFILEF                     Local  48       CHAR            80    2     200                       49,93,94                          
 CFLD                       Local  47       CHAR            3     1     200                       53,54,55,56,57,58,59,279,284      
 CHEM                       Local  45       CHAR            5     1     4                         51,279,284                        
 CLIM                       Local  30       R(8)            8     2     10512                     191,201,210,214,224,255,269       
 CLIM1                      Local  34       R(8)            8     2     10512                     166,172,176,181,183,191           
 CLIM2                      Local  34       R(8)            8     2     10512                     167,173,177,182,184,191           
 CLIT                       Local  33       R(8)            8     2     10512                     192,201,211                       
 CLIT1                      Local  35       R(8)            8     2     10512                     174,178,192                       
 CLIT2                      Local  35       R(8)            8     2     10512                     175,179,192                       
 DNM1                       Local  38       R(8)            8     2     1460                      230,236                           
 DNM2                       Local  38       R(8)            8     2     1460                      231,237                           
 ERC                        Local  43       R(8)            8     1     25                        88,273,287                        
 ERM                        Local  43       R(8)            8     1     25                        86,271,287                        
 ERMC                       Local  269      R(8)            8           scalar                    269,273                           
 ERMF                       Local  268      R(8)            8           scalar                    268,271                           
 FANL                       Local  30       R(8)            8     2     10512                     146,147,148,200,215,223,255,268   
 FANT                       Local  33       R(8)            8     2     10512                                                       
 FCST                       Local  30       R(8)            8     2     10512                     130,131,132,199,209,222,255,268,26
                                                                                                  9                                 
 FILES                      Local  49                                   scalar                    73,74                             
 FITR30                     Subr   127                                                            127,128,132,143,144,148,176,177,17
                                                                                                  8,179,183,184                     
 FLOAT                      Func   187                                  scalar                    187                               
 FNUM                       Local  38       R(8)            8     2     1460                      228,235                           
 FSTT                       Local  33       R(8)            8     2     10512                                                       
 GET23Y                     Subr   172                                                            172,173,174,175,181,182           
 GETANL                     Subr   123                                                            123,124,130,139,140,146           

Page 8           Source Listing                  VFMAIN
2013-12-24 18:27 Symbol Table                    VFMAIN_0004.f

 Name                       Object Declared Type            Bytes Dimen Elements Attributes       References                        
                                                                                                                                    
 GETCAC                     Subr   166                                                            166,167                           
 GRD2WV                     Subr   222                                                            222,223,224                       
 I                          Local  189      I(4)            4           scalar                    189,191,192,197,199,200,201,205,20
                                                                                                  7,208,209,210,211,214,215,226,228,
                                                                                                  229,230,231,280,281,282,285,286,28
                                                                                                  7                                 
 IC                         Local  50       I(4)            4           scalar                    50,220                            
 ICLIM                      Local  50       I(4)            4           scalar                    50,163                            
 IDAY                       Local  90       I(4)            4           scalar                    90,91,92,93,94,113,114,115,116,117
                                                                                                  ,258,259,260,261,263,264,265,266,2
                                                                                                  70,271,272,273                    
 IDMAX                      Param  29       I(4)            4           scalar                    42,43,44                          
 IFD                        Local  50       I(4)            4           scalar                    50,122,130,132,138,146,148,163,166
                                                                                                  ,167,171,181,182,183,184,196,204,2
                                                                                                  57,279,284                        
 IFH                        Local  101      I(4)            4           scalar                    101,105,117,123,124,130,172,173,17
                                                                                                  4,175,181,182                     
 IHEM                       Local  50       I(4)            4           scalar                    50,279,284                        
 IHR                        Local  107      I(4)            4           scalar                    107,116,172,173,174,175,181,182   
 ILV                        Local  50       I(4)            4           scalar                    50,123,124,130,139,140,146,166,167
                                                                                                  ,172,173,174,175,181,182,281,286  
 IM1                        Local  157      I(4)            4           scalar                    157,166,172,174,181               
 IM2                        Local  158      I(4)            4           scalar                    158,159,160,161,167,173,175,182   
 IYMDH                      Local  44       I(4)            4     2     125                       113,114,115,116,117,281,286       
 J                          Local  65       I(4)            4           scalar                    65,66,67,190,191,192,198,199,200,2
                                                                                                  01,206,207,208,209,210,211,214,215
                                                                                                  ,240,242,243,244,246,247,248,251,2
                                                                                                  52,281,286                        
 JDD                        Local  112      I(4)            4           scalar                    112,115,156,158,160,187           
 JMM                        Local  111      I(4)            4           scalar                    111,112,114,155,156,157,158,160   
 JY2                        Local  110      I(4)            4           scalar                    110,113                           
 JYY                        Local  109      I(4)            4           scalar                    109,110,111,112,154,155,156       
 L                          Local  227      I(4)            4           scalar                    227,228,229,230,231,234,235,236,23
                                                                                                  7,241,242,243,244                 
 L1                         Local  50       I(4)            4           scalar                    50,246,247,248                    
 L2                         Local  50       I(4)            4           scalar                    50,246,247,248                    
 LA1                        Local  50       I(4)            4           scalar                    50,255,268,269                    
 LA2                        Local  50       I(4)            4           scalar                    50,255,268,269                    
 LAT                        Local  64       I(4)            4           scalar                    64,65,68,221,222,223,224          
 LATWMN                     Subr   246                                                            246,247,248                       
 LEN                        Local  79       I(4)            4           scalar                    79,90,280,285                     
 LEN_TRIM                   Func   97                                   scalar                    97                                
 LHEM                       Local  46       CHAR            7     1     4                         52,279,284                        
 LO1                        Local  50       I(4)            4           scalar                    50,255,268,269                    
 LO2                        Local  50       I(4)            4           scalar                    50,255,268,269                    
 LPGB                       Local  97       I(4)            4           scalar                    97,98                             
 NAMIN                      Local  50                                   scalar                    76,77                             
 NDATE                      Local  108      I(4)            4           scalar                    108,109,111,112,153,154,155,156   
 NDATEA                     Local  96       I(4)            4           scalar                    96,139,140,146,153                
 NDATEF                     Local  100      I(4)            4           scalar                    100,104,107,108,123,124,130       
 NHRS                       Local  50       I(4)            4           scalar                    50,79                             
 PERCNT                     Local  162      R(8)            8           scalar                    162,188,191,192                   
 Q1                         Local  39       R(8)            8     2     292                       235,242                           
 Q2                         Local  39       R(8)            8     2     292                       236,243                           
 Q3                         Local  39       R(8)            8     2     292                       237,244                           

Page 9           Source Listing                  VFMAIN
2013-12-24 18:27 Symbol Table                    VFMAIN_0004.f

 Name                       Object Declared Type            Bytes Dimen Elements Attributes       References                        
                                                                                                                                    
 QX1                        Local  41       R(8)            8     1     4                         246,252                           
 QX2                        Local  41       R(8)            8     1     4                         247,252                           
 QX3                        Local  41       R(8)            8     1     4                         248,252                           
 QX4                        Local  41       R(8)            8     1     4                         252,255,263,264,265,266           
 RMC                        Local  43       R(8)            8     1     25                        87,272,287                        
 RMS                        Local  43       R(8)            8     1     25                        85,270,287                        
 RMSAWT                     Subr   268                                                            268,269                           
 RMSC                       Local  269      R(8)            8           scalar                    269,272                           
 RMSF                       Local  268      R(8)            8           scalar                    268,270                           
 SIN                        Func   67                                   scalar                    67,68                             
 SQRT                       Func   199                                  scalar                    199,200,201,209,214,252           
 SUMWAV                     Subr   235                                                            235,236,237                       
 TEMP                       Local  162      R(8)            8           scalar                    162,187,188                       
 UANL                       Local  31       R(8)            8     2     10512                     139,141,143,200,207,210           
 UCLM                       Local  31       R(8)            8     2     10512                                                       
 UERR                       Local  207      R(8)            8           scalar                    207,209,210,214                   
 UFST                       Local  31       R(8)            8     2     10512                     123,125,127,199,207               
 VANL                       Local  32       R(8)            8     2     10512                     140,142,144,200,208,211           
 VCLM                       Local  32       R(8)            8     2     10512                                                       
 VERR                       Local  208      R(8)            8           scalar                    208,209,211,214                   
 VFMAIN                     Prog   28                                                                                               
 VFST                       Local  32       R(8)            8     2     10512                     124,126,128,199,208               
 W1                         Local  40       R(8)            8     1     73                        242,246                           
 W2                         Local  40       R(8)            8     1     73                        243,247                           
 W3                         Local  40       R(8)            8     1     73                        244,248                           
 WEIGHT                     Local  41       R(8)            8     1     73                        67,68,255,268,269                 
 XLAT                       Local  66       R(8)            8           scalar                    66,67,68                          

Page 10          Source Listing                  VFMAIN
2013-12-24 18:27 Subprograms/Common Blocks       VFMAIN_0004.f



SUBPROGRAMS/COMMON BLOCKS

 Name                       Object Declared Type            Bytes Dimen Elements Attributes       References                        
                                                                                                                                    
 VFMAIN                     Prog   28                                                                                               

COMPILER OPTIONS BEING USED

       -align nocommons                      -align nodcommons
       -align noqcommons                     -align records
       -align nosequence                     -align norec1byte
       -align norec2byte                     -align norec4byte
       -align norec8byte                     -align norec16byte
       -altparam                             -assume accuracy_sensitive
       -assume nobscc                        -assume nobuffered_io
       -assume byterecl                      -assume cc_omp
       -assume nocstring                     -assume nodummy_aliases
       -assume nofpe_summary                 -assume noieee_fpe_flags
       -assume nominus0                      -assume noold_boz
       -assume old_unit_star                 -assume old_ldout_format
       -assume noold_logical_ldio            -assume old_maxminloc
       -assume old_xor                       -assume protect_constants
       -assume noprotect_parens              -assume split_common
       -assume source_include                -assume nostd_intent_in
       -assume nostd_mod_proc_name           -assume norealloc_lhs
       -assume underscore                    -assume no2underscores
       -auto                            no   -auto_scalar
  no   -bintext                              -ccdefault default
       -check noargs                         -check noarg_temp_created
       -check nobounds                       -check noformat
       -check nooutput_conversion            -check nooverflow
       -check nopointers                     -check power
       -check noshape                        -check nounderflow
       -check nouninitialized                -coarray-num-procs 0
  no   -coarray-config-file                  -convert big_endian
       -cross_reference                      -D __INTEL_COMPILER=1210
       -D __unix__                           -D __unix
       -D __linux__                          -D __linux
       -D __gnu_linux__                      -D unix
       -D linux                              -D __ELF__
       -D __x86_64                           -D __x86_64__
       -D _MT                                -D __INTEL_COMPILER_BUILD_DATE=20120612
       -D _OPENMP=201107                     -D __pentium4
       -D __pentium4__                       -D __tune_pentium4__
       -D __SSE2__                           -D __SSE3__
       -D __SSSE3__                          -D __SSE4_1__
       -D __SSE4_2__                         -D __SSE__
       -D __MMX__                            -D __AVX__
       -double_size 64                  no   -d_lines
  no   -Qdyncom                              -error_limit 30
  no   -f66                             no   -f77rtl
  no   -fast                                 -fpscomp nofilesfromcmd
       -fpscomp nogeneral                    -fpscomp noioformat
       -fpscomp noldio_spacing               -fpscomp nologicals
       -fixed                           no   -fpconstant

Page 11          Source Listing                  VFMAIN
2013-12-24 18:27                                 VFMAIN_0004.f

       -fpe3                                 -fprm nearest
  no   -ftz                                  -fp_model noprecise
       -fp_model fast                        -fp_model nostrict
       -fp_model nosource                    -fp_model nodouble
       -fp_model noextended                  -fp_model novery_fast
       -fp_model noexcept                    -fp_model nono_except
       -fp_modbits nofp_contract             -fp_modbits nono_fp_contract
       -fp_modbits nofenv_access             -fp_modbits nono_fenv_access
       -fp_modbits nocx_limited_range        -fp_modbits nono_cx_limited_range
       -fp_modbits noprec_div                -fp_modbits nono_prec_div
       -fp_modbits noprec_sqrt               -fp_modbits nono_prec_sqrt
       -fp_modbits noftz                     -fp_modbits nono_ftz
       -fp_modbits nointrin_limited_range       -fp_modbits nono_intrin_limited_range
       -fp_modbits notrunc_compares          -fp_modbits nono_trunc_compares
       -fp_modbits noieee_nan_compares       -fp_modbits nono_ieee_nan_compares
       -fp_modbits honor_f32_conversion       -fp_modbits nono_honor_f32_conversion
       -fp_modbits honor_f64_conversion       -fp_modbits nono_honor_f64_conversion
       -fp_modbits nono_x87_copy             -fp_modbits nono_no_x87_copy
       -fp_modbits noexception_semantics       -fp_modbits nono_exception_semantics
       -fp_modbits noprecise_libm_functions       -fp_modbits nono_precise_libm_functions
       -heap_arrays 0                   no   -threadprivate_compat
       -g0                                   -iface nomixed_str_len_arg
       -iface nono_mixed_str_len_arg    no   -intconstant
       -integer_size 32                 no   -mixed_str_len_arg
  no   -module                               -names lowercase
  no   -noinclude                            -openmp
       -O0                              no   -pad_source
       -real_size 64                    no   -recursive
       -reentrancy threaded             no   -sharable_localsaves
       -vec=simd                             -show noinclude
       -show map                             -show options
  no   -syntax_only                     no   -threadcom
  no   -U                               no   -vms
       -w noall                              -w nonone
       -w alignments                         -w noargument_checking
       -w nodeclarations                     -w general
       -w noignore_bounds                    -w noignore_loc
       -w nointerfaces                       -w notruncated_source
       -w uncalled                           -w uninitialized
       -w nounused                           -w usage

       -includepath : /usrx/local/intel/composerxe/tbb/include/,/usr/include/,./,/usrx/local/intel/composerxe/mkl/include/intel64/lp64/,
           /usrx/local/intel/composerxe/mkl/include/,/usrx/local/intel/composerxe/mkl/include/,/usrx/local/intel/composerxe/tbb/include/,
           /gpfs/gp1/usrx/local/intel/composer_xe_2011_sp1.11.339/compiler/include/intel64/,/gpfs/gp1/usrx/local/intel/composer_xe_2011_sp1.11.339/compiler/include/,
           /usr/local/include/,/usr/lib/gcc/x86_64-redhat-linux/4.4.6/include/,/usr/include/,/usr/include/
       -list filename : VFMAIN_0004.lst
       -o    filename : none

COMPILER: Intel(R) Fortran 12.1-2100
